<?xml version="1.0" encoding="UTF-8"?>
<!-- Generated by org.testng.reporters.JUnitReportReporter -->
<testsuite skipped="0" hostname="ADMIN-PC" name="org.execution.page.FacebookExe" tests="1" failures="0" timestamp="09 May 2020 11:12:41 GMT" time="32.930" errors="0">
  <testcase name="fb" time="32.930" classname="org.execution.page.FacebookExe"/>
</testsuite> <!-- org.execution.page.FacebookExe -->
